<?xml version="1.0" encoding="UTF-8"?>
<!-- Generated by org.testng.reporters.JUnitReportReporter -->
<testsuite hostname="LT01680" name="com.tmz.Framework.APIAutomation.APIMethods.Protocol" tests="4" failures="0" timestamp="24 Apr 2020 13:09:57 GMT" time="2.693" errors="0">
  <testcase name="GetProtocol" time="0.084" classname="com.tmz.Framework.APIAutomation.APIMethods.Protocol"/>
  <testcase name="DeleteProtocol" time="0.115" classname="com.tmz.Framework.APIAutomation.APIMethods.Protocol"/>
  <testcase name="CreateProtocol" time="2.290" classname="com.tmz.Framework.APIAutomation.APIMethods.Protocol"/>
  <testcase name="UpdateProtocol" time="0.204" classname="com.tmz.Framework.APIAutomation.APIMethods.Protocol"/>
</testsuite> <!-- com.tmz.Framework.APIAutomation.APIMethods.Protocol -->
