<?xml version="1.0" encoding="UTF-8"?>
<!-- Generated by org.testng.reporters.JUnitReportReporter -->
<testsuite skipped="0" hostname="LT01680" name="com.tmz.Framework.UIAutomation.Tests.AddAccount" tests="1" failures="0" timestamp="2020-04-24T18:42:35 IST" time="3.927" errors="0">
  <testcase name="AddAcountTest" time="3.927" classname="com.tmz.Framework.UIAutomation.Tests.AddAccount"/>
  <system-out/>
</testsuite> <!-- com.tmz.Framework.UIAutomation.Tests.AddAccount -->
